X(in)	Y(in)	Z(in)	P(psia)	T(R)	RHO(lbm/ft3)	Mach	Velocity(ft/s)	Theta(deg)	Psi(deg)	Radii#	Pt#	Total Pt#	BodyFlag
0	0	0	1000	530	5.09176	1.1	1241.53	0	0	0	0	0	0
0.142857	0	0	1000	530	5.09176	1.1	1241.53	0	0	1	0	1	0
0.101015	0.101015	0	1000	530	5.09176	1.1	1241.53	0	0	1	1	2	0
8.74719e-018	0.142857	0	1000	530	5.09176	1.1	1241.53	0	0	1	2	3	0
-0.101015	0.101015	0	1000	530	5.09176	1.1	1241.53	0	0	1	3	4	0
-0.142857	1.74944e-017	0	1000	530	5.09176	1.1	1241.53	0	0	1	4	5	0
-0.101015	-0.101015	0	1000	530	5.09176	1.1	1241.53	0	0	1	5	6	0
-2.62416e-017	-0.142857	0	1000	530	5.09176	1.1	1241.53	0	0	1	6	7	0
0.101015	-0.101015	0	1000	530	5.09176	1.1	1241.53	0	0	1	7	8	0
0.285714	0	0	1000	530	5.09176	1.1	1241.53	0	0	2	0	9	0
0.252987	0.132778	0	1000	530	5.09176	1.1	1241.53	0	0	2	1	10	0
0.162304	0.235138	0	1000	530	5.09176	1.1	1241.53	0	0	2	2	11	0
0.0344391	0.283631	0	1000	530	5.09176	1.1	1241.53	0	0	2	3	12	0
-0.101316	0.267147	0	1000	530	5.09176	1.1	1241.53	0	0	2	4	13	0
-0.21386	0.189464	0	1000	530	5.09176	1.1	1241.53	0	0	2	5	14	0
-0.277412	0.0683759	0	1000	530	5.09176	1.1	1241.53	0	0	2	6	15	0
-0.277412	-0.0683759	0	1000	530	5.09176	1.1	1241.53	0	0	2	7	16	0
-0.21386	-0.189464	0	1000	530	5.09176	1.1	1241.53	0	0	2	8	17	0
-0.101316	-0.267147	0	1000	530	5.09176	1.1	1241.53	0	0	2	9	18	0
0.0344391	-0.283631	0	1000	530	5.09176	1.1	1241.53	0	0	2	10	19	0
0.162304	-0.235138	0	1000	530	5.09176	1.1	1241.53	0	0	2	11	20	0
0.252987	-0.132778	0	1000	530	5.09176	1.1	1241.53	0	0	2	12	21	0
0.428571	0	0	1000	530	5.09176	1.1	1241.53	0	0	3	0	22	0
0.40535	0.139157	0	1000	530	5.09176	1.1	1241.53	0	0	3	1	23	0
0.338203	0.263234	0	1000	530	5.09176	1.1	1241.53	0	0	3	2	24	0
0.234406	0.358786	0	1000	530	5.09176	1.1	1241.53	0	0	3	3	25	0
0.105208	0.415457	0	1000	530	5.09176	1.1	1241.53	0	0	3	4	26	0
-0.0353911	0.427108	0	1000	530	5.09176	1.1	1241.53	0	0	3	5	27	0
-0.172155	0.392474	0	1000	530	5.09176	1.1	1241.53	0	0	3	6	28	0
-0.290264	0.31531	0	1000	530	5.09176	1.1	1241.53	0	0	3	7	29	0
-0.376917	0.203977	0	1000	530	5.09176	1.1	1241.53	0	0	3	8	30	0
-0.422726	0.0705405	0	1000	530	5.09176	1.1	1241.53	0	0	3	9	31	0
-0.422726	-0.0705405	0	1000	530	5.09176	1.1	1241.53	0	0	3	10	32	0
-0.376917	-0.203977	0	1000	530	5.09176	1.1	1241.53	0	0	3	11	33	0
-0.290264	-0.31531	0	1000	530	5.09176	1.1	1241.53	0	0	3	12	34	0
-0.172155	-0.392474	0	1000	530	5.09176	1.1	1241.53	0	0	3	13	35	0
-0.0353911	-0.427108	0	1000	530	5.09176	1.1	1241.53	0	0	3	14	36	0
0.105208	-0.415457	0	1000	530	5.09176	1.1	1241.53	0	0	3	15	37	0
0.234406	-0.358786	0	1000	530	5.09176	1.1	1241.53	0	0	3	16	38	0
0.338203	-0.263234	0	1000	530	5.09176	1.1	1241.53	0	0	3	17	39	0
0.40535	-0.139157	0	1000	530	5.09176	1.1	1241.53	0	0	3	18	40	0
0.571429	0	0	1000	530	5.09176	1.1	1241.53	0	0	4	0	41	0
0.554824	0.136752	0	1000	530	5.09176	1.1	1241.53	0	0	4	1	42	0
0.505975	0.265556	0	1000	530	5.09176	1.1	1241.53	0	0	4	2	43	0
0.42772	0.378927	0	1000	530	5.09176	1.1	1241.53	0	0	4	3	44	0
0.324608	0.470276	0	1000	530	5.09176	1.1	1241.53	0	0	4	4	45	0
0.202631	0.534295	0	1000	530	5.09176	1.1	1241.53	0	0	4	5	46	0
0.0688781	0.567262	0	1000	530	5.09176	1.1	1241.53	0	0	4	6	47	0
-0.0688781	0.567262	0	1000	530	5.09176	1.1	1241.53	0	0	4	7	48	0
-0.202631	0.534295	0	1000	530	5.09176	1.1	1241.53	0	0	4	8	49	0
-0.324608	0.470276	0	1000	530	5.09176	1.1	1241.53	0	0	4	9	50	0
-0.42772	0.378927	0	1000	530	5.09176	1.1	1241.53	0	0	4	10	51	0
-0.505975	0.265556	0	1000	530	5.09176	1.1	1241.53	0	0	4	11	52	0
-0.554824	0.136752	0	1000	530	5.09176	1.1	1241.53	0	0	4	12	53	0
-0.571429	-1.83788e-016	0	1000	530	5.09176	1.1	1241.53	0	0	4	13	54	0
-0.554824	-0.136752	0	1000	530	5.09176	1.1	1241.53	0	0	4	14	55	0
-0.505975	-0.265556	0	1000	530	5.09176	1.1	1241.53	0	0	4	15	56	0
-0.42772	-0.378927	0	1000	530	5.09176	1.1	1241.53	0	0	4	16	57	0
-0.324608	-0.470276	0	1000	530	5.09176	1.1	1241.53	0	0	4	17	58	0
-0.202631	-0.534295	0	1000	530	5.09176	1.1	1241.53	0	0	4	18	59	0
-0.0688781	-0.567262	0	1000	530	5.09176	1.1	1241.53	0	0	4	19	60	0
0.0688781	-0.567262	0	1000	530	5.09176	1.1	1241.53	0	0	4	20	61	0
0.202631	-0.534295	0	1000	530	5.09176	1.1	1241.53	0	0	4	21	62	0
0.324608	-0.470276	0	1000	530	5.09176	1.1	1241.53	0	0	4	22	63	0
0.42772	-0.378927	0	1000	530	5.09176	1.1	1241.53	0	0	4	23	64	0
0.505975	-0.265556	0	1000	530	5.09176	1.1	1241.53	0	0	4	24	65	0
0.554824	-0.136752	0	1000	530	5.09176	1.1	1241.53	0	0	4	25	66	0
0.714286	0	0	1000	530	5.09176	1.1	1241.53	0	0	5	0	67	0
0.700561	0.13935	0	1000	530	5.09176	1.1	1241.53	0	0	5	1	68	0
0.659914	0.273345	0	1000	530	5.09176	1.1	1241.53	0	0	5	2	69	0
0.593907	0.396836	0	1000	530	5.09176	1.1	1241.53	0	0	5	3	70	0
0.505076	0.505076	0	1000	530	5.09176	1.1	1241.53	0	0	5	4	71	0
0.396836	0.593907	0	1000	530	5.09176	1.1	1241.53	0	0	5	5	72	0
0.273345	0.659914	0	1000	530	5.09176	1.1	1241.53	0	0	5	6	73	0
0.13935	0.700561	0	1000	530	5.09176	1.1	1241.53	0	0	5	7	74	0
4.37359e-017	0.714286	0	1000	530	5.09176	1.1	1241.53	0	0	5	8	75	0
-0.13935	0.700561	0	1000	530	5.09176	1.1	1241.53	0	0	5	9	76	0
-0.273345	0.659914	0	1000	530	5.09176	1.1	1241.53	0	0	5	10	77	0
-0.396836	0.593907	0	1000	530	5.09176	1.1	1241.53	0	0	5	11	78	0
-0.505076	0.505076	0	1000	530	5.09176	1.1	1241.53	0	0	5	12	79	0
-0.593907	0.396836	0	1000	530	5.09176	1.1	1241.53	0	0	5	13	80	0
-0.659914	0.273345	0	1000	530	5.09176	1.1	1241.53	0	0	5	14	81	0
-0.700561	0.13935	0	1000	530	5.09176	1.1	1241.53	0	0	5	15	82	0
-0.714286	8.74719e-017	0	1000	530	5.09176	1.1	1241.53	0	0	5	16	83	0
-0.700561	-0.13935	0	1000	530	5.09176	1.1	1241.53	0	0	5	17	84	0
-0.659914	-0.273345	0	1000	530	5.09176	1.1	1241.53	0	0	5	18	85	0
-0.593907	-0.396836	0	1000	530	5.09176	1.1	1241.53	0	0	5	19	86	0
-0.505076	-0.505076	0	1000	530	5.09176	1.1	1241.53	0	0	5	20	87	0
-0.396836	-0.593907	0	1000	530	5.09176	1.1	1241.53	0	0	5	21	88	0
-0.273345	-0.659914	0	1000	530	5.09176	1.1	1241.53	0	0	5	22	89	0
-0.13935	-0.700561	0	1000	530	5.09176	1.1	1241.53	0	0	5	23	90	0
-1.31208e-016	-0.714286	0	1000	530	5.09176	1.1	1241.53	0	0	5	24	91	0
0.13935	-0.700561	0	1000	530	5.09176	1.1	1241.53	0	0	5	25	92	0
0.273345	-0.659914	0	1000	530	5.09176	1.1	1241.53	0	0	5	26	93	0
0.396836	-0.593907	0	1000	530	5.09176	1.1	1241.53	0	0	5	27	94	0
0.505076	-0.505076	0	1000	530	5.09176	1.1	1241.53	0	0	5	28	95	0
0.593907	-0.396836	0	1000	530	5.09176	1.1	1241.53	0	0	5	29	96	0
0.659914	-0.273345	0	1000	530	5.09176	1.1	1241.53	0	0	5	30	97	0
0.700561	-0.13935	0	1000	530	5.09176	1.1	1241.53	0	0	5	31	98	0
0.857143	0	0	1000	530	5.09176	1.1	1241.53	0	0	6	0	99	0
0.845453	0.141081	0	1000	530	5.09176	1.1	1241.53	0	0	6	1	100	0
0.8107	0.278314	0	1000	530	5.09176	1.1	1241.53	0	0	6	2	101	0
0.753835	0.407955	0	1000	530	5.09176	1.1	1241.53	0	0	6	3	102	0
0.676406	0.526468	0	1000	530	5.09176	1.1	1241.53	0	0	6	4	103	0
0.580527	0.63062	0	1000	530	5.09176	1.1	1241.53	0	0	6	5	104	0
0.468813	0.717571	0	1000	530	5.09176	1.1	1241.53	0	0	6	6	105	0
0.34431	0.784949	0	1000	530	5.09176	1.1	1241.53	0	0	6	7	106	0
0.210416	0.830915	0	1000	530	5.09176	1.1	1241.53	0	0	6	8	107	0
0.0707823	0.854215	0	1000	530	5.09176	1.1	1241.53	0	0	6	9	108	0
-0.0707823	0.854215	0	1000	530	5.09176	1.1	1241.53	0	0	6	10	109	0
-0.210416	0.830915	0	1000	530	5.09176	1.1	1241.53	0	0	6	11	110	0
-0.34431	0.784949	0	1000	530	5.09176	1.1	1241.53	0	0	6	12	111	0
-0.468813	0.717571	0	1000	530	5.09176	1.1	1241.53	0	0	6	13	112	0
-0.580527	0.63062	0	1000	530	5.09176	1.1	1241.53	0	0	6	14	113	0
-0.676406	0.526468	0	1000	530	5.09176	1.1	1241.53	0	0	6	15	114	0
-0.753835	0.407955	0	1000	530	5.09176	1.1	1241.53	0	0	6	16	115	0
-0.8107	0.278314	0	1000	530	5.09176	1.1	1241.53	0	0	6	17	116	0
-0.845453	0.141081	0	1000	530	5.09176	1.1	1241.53	0	0	6	18	117	0
-0.857143	1.04966e-016	0	1000	530	5.09176	1.1	1241.53	0	0	6	19	118	0
-0.845453	-0.141081	0	1000	530	5.09176	1.1	1241.53	0	0	6	20	119	0
-0.8107	-0.278314	0	1000	530	5.09176	1.1	1241.53	0	0	6	21	120	0
-0.753835	-0.407955	0	1000	530	5.09176	1.1	1241.53	0	0	6	22	121	0
-0.676406	-0.526468	0	1000	530	5.09176	1.1	1241.53	0	0	6	23	122	0
-0.580527	-0.63062	0	1000	530	5.09176	1.1	1241.53	0	0	6	24	123	0
-0.468813	-0.717571	0	1000	530	5.09176	1.1	1241.53	0	0	6	25	124	0
-0.34431	-0.784949	0	1000	530	5.09176	1.1	1241.53	0	0	6	26	125	0
-0.210416	-0.830915	0	1000	530	5.09176	1.1	1241.53	0	0	6	27	126	0
-0.0707823	-0.854215	0	1000	530	5.09176	1.1	1241.53	0	0	6	28	127	0
0.0707823	-0.854215	0	1000	530	5.09176	1.1	1241.53	0	0	6	29	128	0
0.210416	-0.830915	0	1000	530	5.09176	1.1	1241.53	0	0	6	30	129	0
0.34431	-0.784949	0	1000	530	5.09176	1.1	1241.53	0	0	6	31	130	0
0.468813	-0.717571	0	1000	530	5.09176	1.1	1241.53	0	0	6	32	131	0
0.580527	-0.63062	0	1000	530	5.09176	1.1	1241.53	0	0	6	33	132	0
0.676406	-0.526468	0	1000	530	5.09176	1.1	1241.53	0	0	6	34	133	0
0.753835	-0.407955	0	1000	530	5.09176	1.1	1241.53	0	0	6	35	134	0
0.8107	-0.278314	0	1000	530	5.09176	1.1	1241.53	0	0	6	36	135	0
0.845453	-0.141081	0	1000	530	5.09176	1.1	1241.53	0	0	6	37	136	0
1	0	0	1000	530	5.09176	1.1	1241.53	0	0	7	0	137	1
0.989821	0.142315	0	1000	530	5.09176	1.1	1241.53	0	0	7	1	138	1
0.959493	0.281733	0	1000	530	5.09176	1.1	1241.53	0	0	7	2	139	1
0.909632	0.415415	0	1000	530	5.09176	1.1	1241.53	0	0	7	3	140	1
0.841254	0.540641	0	1000	530	5.09176	1.1	1241.53	0	0	7	4	141	1
0.75575	0.654861	0	1000	530	5.09176	1.1	1241.53	0	0	7	5	142	1
0.654861	0.75575	0	1000	530	5.09176	1.1	1241.53	0	0	7	6	143	1
0.540641	0.841254	0	1000	530	5.09176	1.1	1241.53	0	0	7	7	144	1
0.415415	0.909632	0	1000	530	5.09176	1.1	1241.53	0	0	7	8	145	1
0.281733	0.959493	0	1000	530	5.09176	1.1	1241.53	0	0	7	9	146	1
0.142315	0.989821	0	1000	530	5.09176	1.1	1241.53	0	0	7	10	147	1
2.83275e-016	1	0	1000	530	5.09176	1.1	1241.53	0	0	7	11	148	1
-0.142315	0.989821	0	1000	530	5.09176	1.1	1241.53	0	0	7	12	149	1
-0.281733	0.959493	0	1000	530	5.09176	1.1	1241.53	0	0	7	13	150	1
-0.415415	0.909632	0	1000	530	5.09176	1.1	1241.53	0	0	7	14	151	1
-0.540641	0.841254	0	1000	530	5.09176	1.1	1241.53	0	0	7	15	152	1
-0.654861	0.75575	0	1000	530	5.09176	1.1	1241.53	0	0	7	16	153	1
-0.75575	0.654861	0	1000	530	5.09176	1.1	1241.53	0	0	7	17	154	1
-0.841254	0.540641	0	1000	530	5.09176	1.1	1241.53	0	0	7	18	155	1
-0.909632	0.415415	0	1000	530	5.09176	1.1	1241.53	0	0	7	19	156	1
-0.959493	0.281733	0	1000	530	5.09176	1.1	1241.53	0	0	7	20	157	1
-0.989821	0.142315	0	1000	530	5.09176	1.1	1241.53	0	0	7	21	158	1
-1	5.6655e-016	0	1000	530	5.09176	1.1	1241.53	0	0	7	22	159	1
-0.989821	-0.142315	0	1000	530	5.09176	1.1	1241.53	0	0	7	23	160	1
-0.959493	-0.281733	0	1000	530	5.09176	1.1	1241.53	0	0	7	24	161	1
-0.909632	-0.415415	0	1000	530	5.09176	1.1	1241.53	0	0	7	25	162	1
-0.841254	-0.540641	0	1000	530	5.09176	1.1	1241.53	0	0	7	26	163	1
-0.75575	-0.654861	0	1000	530	5.09176	1.1	1241.53	0	0	7	27	164	1
-0.654861	-0.75575	0	1000	530	5.09176	1.1	1241.53	0	0	7	28	165	1
-0.540641	-0.841254	0	1000	530	5.09176	1.1	1241.53	0	0	7	29	166	1
-0.415415	-0.909632	0	1000	530	5.09176	1.1	1241.53	0	0	7	30	167	1
-0.281733	-0.959493	0	1000	530	5.09176	1.1	1241.53	0	0	7	31	168	1
-0.142315	-0.989821	0	1000	530	5.09176	1.1	1241.53	0	0	7	32	169	1
-1.83691e-016	-1	0	1000	530	5.09176	1.1	1241.53	0	0	7	33	170	1
0.142315	-0.989821	0	1000	530	5.09176	1.1	1241.53	0	0	7	34	171	1
0.281733	-0.959493	0	1000	530	5.09176	1.1	1241.53	0	0	7	35	172	1
0.415415	-0.909632	0	1000	530	5.09176	1.1	1241.53	0	0	7	36	173	1
0.540641	-0.841254	0	1000	530	5.09176	1.1	1241.53	0	0	7	37	174	1
0.654861	-0.75575	0	1000	530	5.09176	1.1	1241.53	0	0	7	38	175	1
0.75575	-0.654861	0	1000	530	5.09176	1.1	1241.53	0	0	7	39	176	1
0.841254	-0.540641	0	1000	530	5.09176	1.1	1241.53	0	0	7	40	177	1
0.909632	-0.415415	0	1000	530	5.09176	1.1	1241.53	0	0	7	41	178	1
0.959493	-0.281733	0	1000	530	5.09176	1.1	1241.53	0	0	7	42	179	1
0.989821	-0.142315	0	1000	530	5.09176	1.1	1241.53	0	0	7	43	180	1
