Centerline Data file
J	X/R*	R/R*	Mach	Pres	Temp	Rho	Theta	Gamma	MassFlow
0	0.724356	0	1.5	14.9822	365.518	0.00343871	0	1.4	0
1	0.686255	0	1.47804	15.465	368.845	0.0035175	0	1.4	0
2	0.687073	0	1.4761	15.5083	369.139	0.00352452	0	1.4	0
3	0.690938	0	1.47459	15.5419	369.368	0.00352999	0	1.4	0
4	0.697924	0	1.4733	15.5708	369.564	0.00353467	0	1.4	0
5	0.708137	0	1.47215	15.5966	369.739	0.00353885	0	1.4	0
6	0.721658	0	1.47109	15.6203	369.899	0.00354269	0	1.4	0
7	0.738563	0	1.47011	15.6424	370.049	0.00354627	0	1.4	0
8	0.758874	0	1.46918	15.6633	370.19	0.00354965	0	1.4	0
9	0.782665	0	1.4683	15.6832	370.324	0.00355287	0	1.4	0
10	0.810079	0	1.46745	15.7022	370.452	0.00355595	0	1.4	0
11	0.841221	0	1.46664	15.7205	370.576	0.00355891	0	1.4	0
12	0.87622	0	1.46586	15.7382	370.695	0.00356177	0	1.4	0
13	0.915036	0	1.46511	15.7551	370.808	0.0035645	0	1.4	0
14	0.961683	0	1.51625	14.633	363.063	0.00338126	0	1.4	0
15	1.01674	0	1.58896	13.1531	352.17	0.00313332	0	1.4	0
16	1.07671	0	1.63711	12.2452	345.046	0.00297725	0	1.4	0
17	1.14321	0	1.70217	11.1063	335.555	0.00277672	0	1.4	0
18	1.17917	0	1.72677	10.7008	332.008	0.00270394	0	1.4	0
19	1.21675	0	1.76368	10.1176	326.734	0.00259782	0	1.4	0
20	1.25375	0	1.79005	9.71883	323.002	0.00252427	0	1.4	0
21	1.29871	0	1.83002	9.14207	317.405	0.00241634	0	1.4	0
22	1.33694	0	1.8586	8.74917	313.446	0.0023417	0	1.4	0
23	1.39054	0	1.90355	8.16323	307.299	0.00222858	0	1.4	0
24	1.43026	0	1.93386	7.78931	303.21	0.00215518	0	1.4	0
25	1.49408	0	1.98536	7.19113	296.366	0.00203562	0	1.4	0
26	1.53561	0	2.01715	6.84414	292.208	0.00196496	0	1.4	0
27	1.61168	0	2.07678	6.23653	284.548	0.00183872	0	1.4	0
28	1.65541	0	2.10995	5.92162	280.367	0.00177191	0	1.4	0
29	1.69977	0	2.14422	5.61275	276.108	0.00170539	0	1.4	0
30	1.74637	0	2.17896	5.31588	271.855	0.00164046	0	1.4	0
31	1.79282	0	2.21455	5.02784	267.562	0.00157647	0	1.4	0
32	1.84002	0	2.24919	4.76255	263.45	0.00151659	0	1.4	0
33	1.90216	0	2.29536	4.43052	258.066	0.0014403	0	1.4	0
34	1.95197	0	2.33176	4.18529	253.901	0.00138289	0	1.4	0
35	2.00272	0	2.36865	3.95077	249.752	0.00132709	0	1.4	0
36	2.0844	0	2.42701	3.60668	243.334	0.00124346	0	1.4	0
37	2.13847	0	2.46558	3.39623	239.19	0.00119119	0	1.4	0
38	2.19368	0	2.50418	3.19814	235.118	0.00114114	0	1.4	0
39	2.30049	0	2.57816	2.85116	227.528	0.00105127	0	1.4	0
40	2.36001	0	2.61858	2.67825	223.498	0.00100532	0	1.4	0
41	2.42094	0	2.65999	2.51237	219.452	0.000960444	0	1.4	0
42	2.48335	0	2.70135	2.35736	215.495	0.000917735	0	1.4	0
43	2.56084	0	2.75255	2.17918	210.71	0.000867633	0	1.4	0
44	2.62747	0	2.796	2.03908	206.747	0.000827414	0	1.4	0
45	2.69586	0	2.84004	1.90668	202.819	0.000788671	0	1.4	0
46	2.7661	0	2.88464	1.78181	198.932	0.000751423	0	1.4	0
47	2.88052	0	2.95629	1.59897	192.872	0.000695502	0	1.4	0
48	2.95664	0	3.00313	1.4903	189.032	0.0006614	0	1.4	0
49	3.035	0	3.05099	1.38732	185.204	0.000628423	0	1.4	0
50	3.1157	0	3.09926	1.29109	181.439	0.000596971	0	1.4	0
51	3.28219	0	3.19751	1.11661	174.067	0.000538164	0	1.4	0
52	3.3713	0	3.24818	1.03666	170.411	0.00051035	0	1.4	0
53	3.46338	0	3.30146	0.959188	166.671	0.000482806	0	1.4	0
54	3.55848	0	3.35399	0.888876	163.084	0.000457253	0	1.4	0
55	3.65684	0	3.40884	0.821353	159.444	0.000432164	0	1.4	0
56	3.80124	0	3.48666	0.734899	154.457	0.00039916	0	1.4	0
57	3.8308	0	3.5	0.721101	153.623	0.000393792	0	1.4	0
58	4.00491	0	3.5	0.721101	153.623	0.000393792	0	1.4	0
59	4.17902	0	3.5	0.721101	153.623	0.000393792	0	1.4	0
60	4.35313	0	3.5	0.721101	153.623	0.000393792	0	1.4	0
61	4.52724	0	3.5	0.721101	153.623	0.000393792	0	1.4	0
62	4.70135	0	3.5	0.721101	153.623	0.000393792	0	1.4	0
63	4.87546	0	3.5	0.721101	153.623	0.000393792	0	1.4	0
64	5.04957	0	3.5	0.721101	153.623	0.000393792	0	1.4	0
65	5.22368	0	3.5	0.721101	153.623	0.000393792	0	1.4	0
66	5.39779	0	3.5	0.721101	153.623	0.000393792	0	1.4	0
67	5.5719	0	3.5	0.721101	153.623	0.000393792	0	1.4	0
68	5.74601	0	3.5	0.721101	153.623	0.000393792	0	1.4	0
69	5.92012	0	3.5	0.721101	153.623	0.000393792	0	1.4	0
70	6.09423	0	3.5	0.721101	153.623	0.000393792	0	1.4	0
71	6.26834	0	3.5	0.721101	153.623	0.000393792	0	1.4	0
72	6.44245	0	3.5	0.721101	153.623	0.000393792	0	1.4	0
73	6.61656	0	3.5	0.721101	153.623	0.000393792	0	1.4	0
74	6.79067	0	3.5	0.721101	153.623	0.000393792	0	1.4	0
75	6.96478	0	3.5	0.721101	153.623	0.000393792	0	1.4	0
76	7.13889	0	3.5	0.721101	153.623	0.000393792	0	1.4	0
77	7.313	0	3.5	0.721101	153.623	0.000393792	0	1.4	0
78	7.48711	0	3.5	0.721101	153.623	0.000393792	0	1.4	0
79	7.66122	0	3.5	0.721101	153.623	0.000393792	0	1.4	0
80	7.83533	0	3.5	0.721101	153.623	0.000393792	0	1.4	0
81	8.00944	0	3.5	0.721101	153.623	0.000393792	0	1.4	0
82	8.18355	0	3.5	0.721101	153.623	0.000393792	0	1.4	0
83	8.35766	0	3.5	0.721101	153.623	0.000393792	0	1.4	0
84	8.53177	0	3.5	0.721101	153.623	0.000393792	0	1.4	0
85	8.70588	0	3.5	0.721101	153.623	0.000393792	0	1.4	0
86	8.87999	0	3.5	0.721101	153.623	0.000393792	0	1.4	0
87	9.0541	0	3.5	0.721101	153.623	0.000393792	0	1.4	0
88	9.22821	0	3.5	0.721101	153.623	0.000393792	0	1.4	0
89	9.40232	0	3.5	0.721101	153.623	0.000393792	0	1.4	0
90	9.57643	0	3.5	0.721101	153.623	0.000393792	0	1.4	0
91	9.75054	0	3.5	0.721101	153.623	0.000393792	0	1.4	0
92	9.92465	0	3.5	0.721101	153.623	0.000393792	0	1.4	0
93	10.0988	0	3.5	0.721101	153.623	0.000393792	0	1.4	0
94	10.2729	0	3.5	0.721101	153.623	0.000393792	0	1.4	0
95	10.447	0	3.5	0.721101	153.623	0.000393792	0	1.4	0
96	10.6211	0	3.5	0.721101	153.623	0.000393792	0	1.4	0
97	10.7952	0	3.5	0.721101	153.623	0.000393792	0	1.4	0
98	10.9693	0	3.5	0.721101	153.623	0.000393792	0	1.4	0
99	11.1434	0	3.5	0.721101	153.623	0.000393792	0	1.4	0
100	11.3175	0	3.5	0.721101	153.623	0.000393792	0	1.4	0
101	11.4916	0	3.5	0.721101	153.623	0.000393792	0	1.4	0
102	11.6657	0	3.5	0.721101	153.623	0.000393792	0	1.4	0
103	11.8399	0	3.5	0.721101	153.623	0.000393792	0	1.4	0
104	12.014	0	3.5	0.721101	153.623	0.000393792	0	1.4	0
105	12.1881	0	3.5	0.721101	153.623	0.000393792	0	1.4	0
106	12.3622	0	3.5	0.721101	153.623	0.000393792	0	1.4	0
107	12.5363	0	3.5	0.721101	153.623	0.000393792	0	1.4	0
