i	j	X/R*	R/R*	mach	theta(deg)	Pressure, psia
0	0	0	1	1.17779	0	212.216
0	1	0.000230286	1	1.17789	0.0131944	212.191
0	2	0.000920735	1	1.17816	0.0527543	212.115
0	3	0.00207073	1	1.17865	0.118644	211.981
0	4	0.00367965	1.00001	1.17938	0.210829	211.782
0	5	0.00574714	1.00002	1.18039	0.329289	211.506
0	6	0.00827332	1.00003	1.18174	0.474031	211.138
0	7	0.0112592	1.00006	1.18349	0.645118	210.659
0	8	0.0147071	1.00011	1.18573	0.842684	210.049
0	9	0.0186211	1.00017	1.18855	1.06697	209.284
0	10	0.0230076	1.00026	1.19204	1.31835	208.336
0	11	0.027876	1.00039	1.19633	1.59738	207.178
0	12	0.0332391	1.00055	1.20152	1.90481	205.78
0	13	0.0391138	1.00077	1.20775	2.24162	204.11
0	14	0.0455216	1.00104	1.21516	2.6091	202.136
0	15	0.0524892	1.00138	1.22389	3.00879	199.828
0	16	0.0600488	1.0018	1.23409	3.44261	197.154
0	17	0.0682387	1.00233	1.2459	3.91283	194.086
0	18	0.0725912	1.00264	1.25257	4.16283	192.367
0	19	0.0771036	1.00298	1.2595	4.4221	190.596
0	20	0.0814532	1.00332	1.26654	4.6721	188.804
0	21	0.0866942	1.00377	1.27503	4.97346	186.66
0	22	0.0910403	1.00415	1.28243	5.22346	184.807
0	23	0.097068	1.00472	1.29269	5.57036	182.258
0	24	0.10141	1.00516	1.30041	5.82036	180.356
0	25	0.108289	1.00588	1.31265	6.2167	177.372
0	26	0.112626	1.00636	1.32067	6.4667	175.435
0	27	0.120429	1.00728	1.3351	6.91684	171.99
0	28	0.124759	1.00781	1.3434	7.16684	170.032
0	29	0.129087	1.00837	1.35169	7.41684	168.092
0	30	0.133564	1.00896	1.36027	7.67561	166.103
0	31	0.137887	1.00955	1.36881	7.92561	164.138
0	32	0.142208	1.01016	1.37736	8.17561	162.192
0	33	0.14778	1.01098	1.38838	8.49832	159.708
0	34	0.152094	1.01163	1.39715	8.74832	157.751
0	35	0.156406	1.01231	1.40593	8.99832	155.813
0	36	0.163168	1.0134	1.4197	9.39083	152.81
0	37	0.167471	1.01412	1.42868	9.64083	150.874
0	38	0.171771	1.01486	1.43767	9.89083	148.958
0	39	0.179825	1.0163	1.45452	10.3596	145.418
0	40	0.184116	1.0171	1.46371	10.6096	143.517
0	41	0.188403	1.01791	1.47289	10.8596	141.636
0	42	0.192686	1.01874	1.48208	11.1096	139.775
0	43	0.197856	1.01977	1.49319	11.4116	137.551
0	44	0.202131	1.02064	1.50256	11.6616	135.698
0	45	0.206403	1.02153	1.51193	11.9116	133.865
0	46	0.21067	1.02244	1.52131	12.1616	132.051
0	47	0.217373	1.02391	1.53608	12.5548	129.237
0	48	0.221629	1.02487	1.54563	12.8048	127.444
0	49	0.225882	1.02585	1.55519	13.0548	125.671
0	50	0.230131	1.02684	1.56476	13.3048	123.917
0	51	0.238493	1.02886	1.58366	13.7976	120.514
0	52	0.242728	1.02991	1.59339	14.0476	118.793
0	53	0.246959	1.03097	1.60313	14.2976	117.091
0	54	0.251185	1.03206	1.61289	14.5476	115.407
0	55	0.255406	1.03317	1.62266	14.7976	113.743
0	56	0.261346	1.03475	1.63646	15.1499	111.429
0	57	0.26252	1.03507	1.63922	15.2196	110.97
0	58	0.283232	1.04079	1.66052	15.6366	107.491
0	59	0.315344	1.0499	1.68538	16.0174	103.552
0	60	0.35465	1.06131	1.71222	16.3466	99.445
0	61	0.399764	1.07466	1.74042	16.6233	95.288
0	62	0.449866	1.08973	1.76967	16.8468	91.1431
0	63	0.504308	1.10631	1.79955	17.023	87.0795
0	64	0.562647	1.12425	1.82986	17.1548	83.1299
0	65	0.624476	1.1434	1.86033	17.2475	79.3268
0	66	0.689496	1.16362	1.89083	17.3044	75.684
0	67	0.757425	1.18481	1.92122	17.3292	72.2111
0	68	0.828043	1.20684	1.95144	17.3245	68.9089
0	69	0.901144	1.22962	1.98142	17.2928	65.7755
0	70	0.97657	1.25307	2.01114	17.2358	62.8044
0	71	1.05416	1.27708	2.04057	17.1555	59.9899
0	72	1.13381	1.30159	2.06975	17.0526	57.3207
0	73	1.21538	1.32652	2.09865	16.9293	54.7918
0	74	1.2988	1.35181	2.12702	16.7938	52.4159
0	75	1.38397	1.37739	2.15506	16.6419	50.1672
0	76	1.4708	1.40322	2.18158	16.5063	48.1282
0	77	1.55912	1.42929	2.20675	16.3836	46.2694
0	78	1.64885	1.45555	2.23193	16.2393	44.481
0	79	1.73998	1.48196	2.25706	16.0767	42.7658
0	80	1.83248	1.50846	2.28209	15.8979	41.1228
0	81	1.92633	1.535	2.30734	15.6964	39.5296
0	82	2.02152	1.56156	2.33259	15.4789	37.9988
0	83	2.11804	1.58809	2.3576	15.2528	36.5419
0	84	2.21589	1.61455	2.38225	15.0215	35.1609
0	85	2.31504	1.64093	2.40712	14.7721	33.8215
0	86	2.41548	1.66718	2.43156	14.5213	32.556
0	87	2.51723	1.69329	2.4558	14.2643	31.3489
0	88	2.62026	1.71923	2.48013	13.9947	30.1828
0	89	2.72457	1.74496	2.50395	13.7278	29.0846
0	90	2.83021	1.77048	2.52886	13.4269	27.9801
0	91	2.93713	1.79575	2.5514	13.1725	27.0178
0	92	3.04524	1.8208	2.57338	12.9229	26.1122
0	93	3.15451	1.84562	2.59525	12.6685	25.2424
0	94	3.26497	1.87018	2.61728	12.4037	24.3968
0	95	3.37664	1.89445	2.63972	12.1234	23.5655
0	96	3.48955	1.91841	2.6627	11.8253	22.7446
0	97	3.60386	1.94202	2.68604	11.5143	21.9412
0	98	3.71944	1.96524	2.70889	11.2092	21.1836
0	99	3.83648	1.98812	2.73143	10.9066	20.4628
0	100	3.95472	2.01059	2.7532	10.6161	19.7912
0	101	4.07438	2.03271	2.77458	10.3301	19.1538
0	102	4.19506	2.0544	2.79572	10.0447	18.5448
0	103	4.31728	2.07574	2.81672	9.75968	17.9602
0	104	4.44071	2.09666	2.83719	9.4819	17.4088
0	105	4.56533	2.11716	2.85743	9.20562	16.8811
0	106	4.69124	2.13726	2.87735	8.93307	16.3784
0	107	4.81835	2.15693	2.89691	8.6647	15.8999
0	108	4.94678	2.17619	2.91631	8.39711	15.44
0	109	5.07638	2.19502	2.93528	8.13552	15.004
0	110	5.20708	2.21341	2.95399	7.8763	14.5866
0	111	5.33916	2.23137	2.97247	7.61974	14.1865
0	112	5.47235	2.24889	2.99059	7.36771	13.8054
0	113	5.60673	2.26597	3.00846	7.11848	13.4403
0	114	5.74242	2.28262	3.02608	6.87225	13.0904
0	115	5.87916	2.29881	3.04333	6.63066	12.7569
0	116	6.01704	2.31455	3.06032	6.39237	12.4376
0	117	6.15634	2.32986	3.07713	6.15598	12.1299
0	118	6.29667	2.34471	3.09359	5.92432	11.8365
0	119	6.43814	2.3591	3.10977	5.69608	11.5555
0	120	6.58068	2.37304	3.12563	5.47216	11.287
0	121	6.72438	2.38653	3.14122	5.25147	11.0294
0	122	6.86922	2.39956	3.15654	5.03443	10.7826
0	123	7.01515	2.41214	3.17156	4.82121	10.5463
0	124	7.16222	2.42428	3.18633	4.61114	10.3193
0	125	7.31035	2.43595	3.20079	4.4052	10.1021
0	126	7.45955	2.44718	3.21497	4.20291	9.89392
0	127	7.60979	2.45796	3.22885	4.00457	9.69462
0	128	7.76106	2.46829	3.24243	3.81014	9.50375
0	129	7.91354	2.47819	3.25581	3.61827	9.31967
0	130	8.06698	2.48764	3.26887	3.43058	9.14365
0	131	8.22142	2.49665	3.28163	3.2469	8.97515
0	132	8.37655	2.50521	3.29394	3.06915	8.81568
0	133	8.53305	2.51336	3.30617	2.89241	8.66038
0	134	8.69055	2.52107	3.31811	2.71951	8.5116
0	135	8.84892	2.52836	3.32971	2.55102	8.36962
0	136	9.00827	2.53523	3.34104	2.38611	8.23343
0	137	9.16842	2.54168	3.352	2.22617	8.10399
0	138	9.32948	2.54772	3.36266	2.07017	7.98019
0	139	9.4916	2.55336	3.37311	1.91688	7.86077
0	140	9.6545	2.5586	3.38321	1.7683	7.74723
0	141	9.81821	2.56345	3.39296	1.62427	7.63919
0	142	9.9828	2.56791	3.40243	1.48406	7.5359
0	143	10.1482	2.572	3.41158	1.34814	7.43753
0	144	10.3143	2.57572	3.42036	1.21719	7.34443
0	145	10.4815	2.57908	3.42898	1.08849	7.25434
0	146	10.6493	2.58209	3.4372	0.965043	7.16942
0	147	10.8177	2.58475	3.44502	0.847179	7.08972
0	148	10.9869	2.58708	3.45251	0.733784	7.01424
0	149	11.1566	2.5891	3.45957	0.626284	6.94383
0	150	11.3271	2.59081	3.46626	0.524106	6.87793
0	151	11.4985	2.59222	3.4729	0.422554	6.81314
0	152	11.6702	2.59335	3.47884	0.330919	6.75573
0	153	11.8424	2.59422	3.48437	0.245216	6.70277
0	154	12.0153	2.59484	3.48941	0.16669	6.65489
0	155	12.1886	2.59523	3.49389	0.0965099	6.61265
0	156	12.3623	2.59543	3.49751	0.0393517	6.57866
0	157	12.5363	2.59548	3.5	0	6.55546
