Summary output file for CONGO-2D

Definition of terms:
Stream Thrust = Mdot*Vel + Pexit*Aexit
Gross Thrust = Mdot*Vel + Pexit*Aexit - Pamb*Aexit
Stream Thrust = Gross Thrust when Pamb = 0 (vacuum)
Cfg = Nozzle Thrust Coefficient (Gross Isp/Ideal Isp)
C* = Characteristic Exhaust Velocity
CD = Discharge coefficient: Massflow 2D/ Massflow 1D
1D = Assumes input are axial
2D = Uses actual flow angles in calculation

Input parameters
R*  = Throat Radius (in)

Nozzle Type: Perfect Nozzle

Nozzle Geometry:	Axisymmetric Nozzle
Design Parameter:	Exit Mach Number = 3.5
Throat Geometry created by two arcs of given radii.
Upstream Radius/R*:	1
Downstream Radius/R*:	1

Thermodynamic Inputs
Total Pressure (psia):	500
Total Temperature (R):	530
Gamma:	1.4
Molecular Weight:	28.96
Ambient Pressure (psia):	0

MOC Grid Parameters
Number of characteristic lines at the nozzle throat:	101
Maximum allowable angle between characteristics along wall (deg):	0.5
Number of RRCs to calculate above KERNEL (50-100):	100

The Initial Data Line is where the MOC calculation begins.
Its based on the upstream radius of curvature and gamma.
It is solved for using a method developed
by Kliegel and Levine. This method is based on a method
developed by Hall. Hall used cylindrical coordinates (R)
This method uses toroid coordinates (R+1). This method
does better for small upstream radii.

Initial Data Line (Throat)

I	X/R*	R/R*	Mach	Flow Angle(deg)	Pres.(psia)	Temp.(R)	Den.(slug/ft3)	Gamma	Mass Flow(lbm/s)
0	0	1	1.17779	0	212.216	414.892	0.0429112	1.4	35.7288
1	0.000115146	0.999815	1.17793	0.0142295	212.179	414.872	0.0429059	1.4	35.7157
2	0.000460843	0.99926	1.17833	0.0567608	212.069	414.81	0.0428899	1.4	35.6764
3	0.00103843	0.998335	1.17901	0.127212	211.884	414.707	0.0428632	1.4	35.6109
4	0.00185042	0.997042	1.17996	0.224996	211.625	414.562	0.0428257	1.4	35.5193
5	0.00290049	0.99538	1.18118	0.349323	211.289	414.374	0.0427772	1.4	35.4017
6	0.00419348	0.99335	1.1827	0.499205	210.875	414.142	0.0427174	1.4	35.2583
7	0.00573538	0.990955	1.18451	0.67346	210.382	413.865	0.042646	1.4	35.0891
8	0.00753329	0.988195	1.18662	0.870718	209.808	413.541	0.0425628	1.4	34.8943
9	0.00959544	0.985073	1.18904	1.08943	209.149	413.17	0.0424673	1.4	34.6742
10	0.0119311	0.981589	1.19179	1.32788	208.404	412.749	0.0423592	1.4	34.429
11	0.0145506	0.977747	1.19487	1.58418	207.572	412.278	0.0422383	1.4	34.1589
12	0.0174652	0.973549	1.19829	1.85631	206.649	411.753	0.0421041	1.4	33.8643
13	0.0206871	0.968997	1.20206	2.14213	205.636	411.175	0.0419565	1.4	33.5454
14	0.0242295	0.964094	1.20618	2.43935	204.53	410.543	0.0417953	1.4	33.2027
15	0.0281061	0.958842	1.21067	2.74562	203.333	409.854	0.0416203	1.4	32.8366
16	0.0323314	0.953247	1.21552	3.05853	202.043	409.11	0.0414316	1.4	32.4474
17	0.0369204	0.94731	1.22073	3.37561	200.663	408.31	0.0412293	1.4	32.0358
18	0.0418884	0.941036	1.2263	3.69437	199.195	407.454	0.0410135	1.4	31.6021
19	0.047251	0.934428	1.23222	4.01235	197.641	406.543	0.0407848	1.4	31.147
20	0.053024	0.927491	1.23849	4.32714	196.006	405.579	0.0405435	1.4	30.671
21	0.0592226	0.920228	1.24509	4.6364	194.295	404.564	0.0402903	1.4	30.1749
22	0.065862	0.912645	1.25201	4.93788	192.513	403.501	0.0400261	1.4	29.6594
23	0.0729568	0.904746	1.25921	5.22951	190.668	402.392	0.0397517	1.4	29.1252
24	0.0805207	0.896536	1.26669	5.50934	188.766	401.241	0.0394681	1.4	28.5732
25	0.0885663	0.888021	1.27441	5.77563	186.817	400.053	0.0391766	1.4	28.0043
26	0.0971052	0.879204	1.28234	6.02686	184.829	398.832	0.0388784	1.4	27.4193
27	0.106147	0.870093	1.29045	6.26173	182.811	397.583	0.0385747	1.4	26.8194
28	0.115701	0.860693	1.29871	6.47917	180.773	396.312	0.038267	1.4	26.2055
29	0.125773	0.85101	1.30709	6.67837	178.723	395.023	0.0379565	1.4	25.5787
30	0.136367	0.841049	1.31554	6.85878	176.671	393.721	0.0376447	1.4	24.9403
31	0.147487	0.830818	1.32404	7.02008	174.625	392.413	0.0373329	1.4	24.2913
32	0.159132	0.820322	1.33255	7.16219	172.594	391.104	0.0370222	1.4	23.6331
33	0.171301	0.809568	1.34105	7.28524	170.585	389.797	0.0367138	1.4	22.9669
34	0.18399	0.798564	1.34949	7.3896	168.604	388.499	0.0364088	1.4	22.2939
35	0.197194	0.787315	1.35787	7.47579	166.657	387.212	0.036108	1.4	21.6155
36	0.210903	0.77583	1.36615	7.5445	164.749	385.939	0.0358121	1.4	20.9329
37	0.225109	0.764116	1.37432	7.59653	162.881	384.685	0.0355217	1.4	20.2475
38	0.239801	0.75218	1.38237	7.63282	161.058	383.449	0.0352372	1.4	19.5605
39	0.254966	0.74003	1.3903	7.65433	159.278	382.234	0.0349587	1.4	18.8733
40	0.270589	0.727673	1.39809	7.66209	157.543	381.04	0.0346862	1.4	18.187
41	0.286657	0.715119	1.40576	7.65715	155.851	379.865	0.0344196	1.4	17.5029
42	0.303153	0.702374	1.41331	7.64053	154.198	378.71	0.0341585	1.4	16.8222
43	0.320063	0.689448	1.42075	7.61322	152.582	377.572	0.0339024	1.4	16.146
44	0.337369	0.676348	1.42811	7.57616	150.998	376.448	0.0336506	1.4	15.4755
45	0.355055	0.663084	1.4354	7.53023	149.441	375.334	0.0334024	1.4	14.8118
46	0.373106	0.649663	1.44265	7.4762	147.905	374.229	0.0331569	1.4	14.1559
47	0.391504	0.636096	1.44989	7.41478	146.385	373.125	0.0329131	1.4	13.5088
48	0.410235	0.622391	1.45714	7.34657	144.874	372.021	0.0326701	1.4	12.8715
49	0.429283	0.608557	1.46444	7.27207	143.365	370.91	0.0324266	1.4	12.2448
50	0.448634	0.594604	1.47183	7.19172	141.852	369.787	0.0321818	1.4	11.6297
51	0.468272	0.58054	1.47934	7.10582	140.328	368.647	0.0319345	1.4	11.027
52	0.488185	0.566376	1.48699	7.01465	138.787	367.487	0.0316837	1.4	10.4375
53	0.508358	0.552122	1.49483	6.91838	137.224	366.299	0.0314284	1.4	9.86193
54	0.518569	0.537786	1.4918	6.6809	137.827	366.758	0.0315269	1.4	9.34071
55	0.538832	0.523379	1.49991	6.57725	136.22	365.531	0.0312639	1.4	8.79441
56	0.549073	0.508912	1.49759	6.34561	136.677	365.882	0.0313389	1.4	8.29959
57	0.559232	0.494394	1.49566	6.11855	137.059	366.173	0.0314014	1.4	7.81785
58	0.56931	0.479835	1.49413	5.89595	137.363	366.405	0.0314511	1.4	7.34966
59	0.579307	0.465246	1.49301	5.67769	137.587	366.576	0.0314877	1.4	6.89547
60	0.589224	0.450638	1.49229	5.46366	137.729	366.684	0.031511	1.4	6.45565
61	0.59906	0.436021	1.49198	5.25374	137.79	366.73	0.0315209	1.4	6.03058
62	0.608817	0.421406	1.49209	5.04784	137.77	366.715	0.0315175	1.4	5.62055
63	0.618493	0.406804	1.4926	4.84587	137.668	366.638	0.031501	1.4	5.22584
64	0.62809	0.392226	1.4935	4.64774	137.489	366.501	0.0314716	1.4	4.84667
65	0.637605	0.377683	1.49479	4.45341	137.232	366.305	0.0314297	1.4	4.48322
66	0.647039	0.363186	1.49646	4.26282	136.902	366.053	0.0313756	1.4	4.13562
67	0.656391	0.348748	1.49849	4.07592	136.501	365.746	0.0313099	1.4	3.80394
68	0.661024	0.334378	1.49669	3.86275	136.855	366.018	0.031368	1.4	3.49468
69	0.670149	0.320089	1.49937	3.68454	136.326	365.612	0.0312813	1.4	3.19437
70	0.674667	0.305893	1.49835	3.48394	136.528	365.767	0.0313144	1.4	2.91515
71	0.679114	0.291802	1.49768	3.29008	136.66	365.869	0.0313361	1.4	2.65065
72	0.683491	0.277828	1.49733	3.10276	136.729	365.921	0.0313473	1.4	2.40084
73	0.687796	0.263984	1.49729	2.92178	136.738	365.928	0.0313488	1.4	2.16563
74	0.692029	0.250281	1.49752	2.74697	136.692	365.893	0.0313413	1.4	1.94487
75	0.696189	0.236733	1.498	2.57813	136.596	365.82	0.0313256	1.4	1.73839
76	0.700276	0.223353	1.49871	2.41506	136.455	365.712	0.0313025	1.4	1.54596
77	0.704288	0.210154	1.49964	2.25757	136.273	365.572	0.0312727	1.4	1.36733
78	0.706255	0.19715	1.49905	2.09877	136.389	365.661	0.0312917	1.4	1.20305
79	0.708179	0.184354	1.49866	1.94625	136.465	365.719	0.0313041	1.4	1.05166
80	0.710058	0.17178	1.49846	1.79977	136.505	365.75	0.0313107	1.4	0.912816
81	0.713725	0.159445	1.49999	1.66405	136.203	365.519	0.0312612	1.4	0.785646
82	0.71462	0.147362	1.49933	1.52631	136.334	365.619	0.0312826	1.4	0.671078
83	0.716361	0.135548	1.49956	1.39636	136.288	365.583	0.0312751	1.4	0.567588
84	0.718052	0.124019	1.49991	1.27159	136.22	365.531	0.0312639	1.4	0.47497
85	0.718873	0.112792	1.49965	1.15031	136.27	365.57	0.0312722	1.4	0.392839
86	0.719666	0.101886	1.4995	1.03426	136.3	365.593	0.0312771	1.4	0.32051
87	0.720431	0.091319	1.49944	0.923324	136.312	365.602	0.031279	1.4	0.257446
88	0.721168	0.0811128	1.49947	0.817406	136.307	365.598	0.0312782	1.4	0.203088
89	0.721874	0.0712893	1.49956	0.716457	136.288	365.584	0.0312751	1.4	0.156852
90	0.722548	0.0618726	1.49972	0.620479	136.258	365.56	0.0312701	1.4	0.118134
91	0.723189	0.0528898	1.49992	0.529525	136.218	365.53	0.0312635	1.4	0.086309
92	0.723493	0.044371	1.4999	0.443493	136.22	365.532	0.031264	1.4	0.0607422
93	0.723777	0.0363508	1.49993	0.362881	136.215	365.527	0.031263	1.4	0.0407659
94	0.72391	0.0288697	1.49989	0.287892	136.224	365.534	0.0312645	1.4	0.0257127
95	0.724153	0.0219768	1.49998	0.21904	136.205	365.52	0.0312615	1.4	0.0148993
96	0.724263	0.0157341	1.5	0.15675	136.202	365.518	0.031261	1.4	0.00763677
97	0.724311	0.010224	1.49999	0.101826	136.203	365.518	0.0312611	1.4	0.00322453
98	0.724331	0.00556695	1.49999	0.0554352	136.204	365.519	0.0312613	1.4	0.000956004
99	0.724347	0.00196858	1.49999	0.019602	136.203	365.519	0.0312612	1.4	0.000119544
100	0.724356	0	1.5	0	136.202	365.518	0.031261	1.4	0

Initial Data Line(Throat Plane) 
For a throat radius(in) = 1.0. 
2-D Mass Flow (lbm/s):	35.7288
2-D Gross Thrust (lbf):	1971.99
2-D Isp (lbf-s/lbm):	55.1933
For an axisymmeric nozzle ,thrust and massflow are proportional to the throat
radius squared (R*^2). To find these values for a radius other than 1 inch,
multiple the values by the square of the new radius. For example, for a radius
of 3 inches, thrust and massflow would increase by a factor of 9.
2-D C* (ft/s):	1414.51

Based on the total conditions and assuming Mach = 1 at throat
1-D Mass Flow (lbm/s):	36.2819
1-D Gross Thrust (lbf):	1991.58
1-D Gross Isp (lbf-s/lbm):	54.8917
1-D C* (ft/s):	1392.95
CD(2-D/1-D):	0.984756

Initial Expansion Angle ThetaB(deg):	15.2196
Massflow error due to grid at end of Kernel (%):	100

Last LRC, DE that effects the nozzle wall contour.
J	X/R*	R/R*	Mach	Theta(deg)	P(psia)	T(R)	Velocity(ft/s)	Density(slug/ft3)	Gamma	
0	3.8308	0	3.5	0	6.55546	153.623	0.00357992	1.4
1	3.91785	0.0259548	3.5	0	6.55546	153.623	0.00357992	1.4
2	4.00491	0.0519096	3.5	0	6.55546	153.623	0.00357992	1.4
3	4.09196	0.0778644	3.5	0	6.55546	153.623	0.00357992	1.4
4	4.17902	0.103819	3.5	0	6.55546	153.623	0.00357992	1.4
5	4.26607	0.129774	3.5	0	6.55546	153.623	0.00357992	1.4
6	4.35313	0.155729	3.5	0	6.55546	153.623	0.00357992	1.4
7	4.44018	0.181683	3.5	0	6.55546	153.623	0.00357992	1.4
8	4.52724	0.207638	3.5	0	6.55546	153.623	0.00357992	1.4
9	4.61429	0.233593	3.5	0	6.55546	153.623	0.00357992	1.4
10	4.70135	0.259548	3.5	0	6.55546	153.623	0.00357992	1.4
11	4.7884	0.285503	3.5	0	6.55546	153.623	0.00357992	1.4
12	4.87546	0.311457	3.5	0	6.55546	153.623	0.00357992	1.4
13	4.96251	0.337412	3.5	0	6.55546	153.623	0.00357992	1.4
14	5.04957	0.363367	3.5	0	6.55546	153.623	0.00357992	1.4
15	5.13662	0.389322	3.5	0	6.55546	153.623	0.00357992	1.4
16	5.22368	0.415277	3.5	0	6.55546	153.623	0.00357992	1.4
17	5.31073	0.441231	3.5	0	6.55546	153.623	0.00357992	1.4
18	5.39779	0.467186	3.5	0	6.55546	153.623	0.00357992	1.4
19	5.48484	0.493141	3.5	0	6.55546	153.623	0.00357992	1.4
20	5.5719	0.519096	3.5	0	6.55546	153.623	0.00357992	1.4
21	5.65895	0.54505	3.5	0	6.55546	153.623	0.00357992	1.4
22	5.74601	0.571005	3.5	0	6.55546	153.623	0.00357992	1.4
23	5.83306	0.59696	3.5	0	6.55546	153.623	0.00357992	1.4
24	5.92012	0.622915	3.5	0	6.55546	153.623	0.00357992	1.4
25	6.00717	0.64887	3.5	0	6.55546	153.623	0.00357992	1.4
26	6.09423	0.674824	3.5	0	6.55546	153.623	0.00357992	1.4
27	6.18128	0.700779	3.5	0	6.55546	153.623	0.00357992	1.4
28	6.26834	0.726734	3.5	0	6.55546	153.623	0.00357992	1.4
29	6.35539	0.752689	3.5	0	6.55546	153.623	0.00357992	1.4
30	6.44245	0.778644	3.5	0	6.55546	153.623	0.00357992	1.4
31	6.5295	0.804598	3.5	0	6.55546	153.623	0.00357992	1.4
32	6.61656	0.830553	3.5	0	6.55546	153.623	0.00357992	1.4
33	6.70361	0.856508	3.5	0	6.55546	153.623	0.00357992	1.4
34	6.79067	0.882463	3.5	0	6.55546	153.623	0.00357992	1.4
35	6.87772	0.908417	3.5	0	6.55546	153.623	0.00357992	1.4
36	6.96478	0.934372	3.5	0	6.55546	153.623	0.00357992	1.4
37	7.05183	0.960327	3.5	0	6.55546	153.623	0.00357992	1.4
38	7.13889	0.986282	3.5	0	6.55546	153.623	0.00357992	1.4
39	7.22594	1.01224	3.5	0	6.55546	153.623	0.00357992	1.4
40	7.313	1.03819	3.5	0	6.55546	153.623	0.00357992	1.4
41	7.40005	1.06415	3.5	0	6.55546	153.623	0.00357992	1.4
42	7.48711	1.0901	3.5	0	6.55546	153.623	0.00357992	1.4
43	7.57416	1.11606	3.5	0	6.55546	153.623	0.00357992	1.4
44	7.66122	1.14201	3.5	0	6.55546	153.623	0.00357992	1.4
45	7.74827	1.16797	3.5	0	6.55546	153.623	0.00357992	1.4
46	7.83533	1.19392	3.5	0	6.55546	153.623	0.00357992	1.4
47	7.92238	1.21987	3.5	0	6.55546	153.623	0.00357992	1.4
48	8.00944	1.24583	3.5	0	6.55546	153.623	0.00357992	1.4
49	8.09649	1.27178	3.5	0	6.55546	153.623	0.00357992	1.4
50	8.18355	1.29774	3.5	0	6.55546	153.623	0.00357992	1.4
51	8.2706	1.32369	3.5	0	6.55546	153.623	0.00357992	1.4
52	8.35766	1.34965	3.5	0	6.55546	153.623	0.00357992	1.4
53	8.44471	1.3756	3.5	0	6.55546	153.623	0.00357992	1.4
54	8.53177	1.40156	3.5	0	6.55546	153.623	0.00357992	1.4
55	8.61882	1.42751	3.5	0	6.55546	153.623	0.00357992	1.4
56	8.70588	1.45347	3.5	0	6.55546	153.623	0.00357992	1.4
57	8.79293	1.47942	3.5	0	6.55546	153.623	0.00357992	1.4
58	8.87999	1.50538	3.5	0	6.55546	153.623	0.00357992	1.4
59	8.96704	1.53133	3.5	0	6.55546	153.623	0.00357992	1.4
60	9.0541	1.55729	3.5	0	6.55546	153.623	0.00357992	1.4
61	9.14115	1.58324	3.5	0	6.55546	153.623	0.00357992	1.4
62	9.22821	1.6092	3.5	0	6.55546	153.623	0.00357992	1.4
63	9.31526	1.63515	3.5	0	6.55546	153.623	0.00357992	1.4
64	9.40232	1.66111	3.5	0	6.55546	153.623	0.00357992	1.4
65	9.48937	1.68706	3.5	0	6.55546	153.623	0.00357992	1.4
66	9.57643	1.71302	3.5	0	6.55546	153.623	0.00357992	1.4
67	9.66348	1.73897	3.5	0	6.55546	153.623	0.00357992	1.4
68	9.75054	1.76493	3.5	0	6.55546	153.623	0.00357992	1.4
69	9.83759	1.79088	3.5	0	6.55546	153.623	0.00357992	1.4
70	9.92465	1.81683	3.5	0	6.55546	153.623	0.00357992	1.4
71	10.0117	1.84279	3.5	0	6.55546	153.623	0.00357992	1.4
72	10.0988	1.86874	3.5	0	6.55546	153.623	0.00357992	1.4
73	10.1858	1.8947	3.5	0	6.55546	153.623	0.00357992	1.4
74	10.2729	1.92065	3.5	0	6.55546	153.623	0.00357992	1.4
75	10.3599	1.94661	3.5	0	6.55546	153.623	0.00357992	1.4
76	10.447	1.97256	3.5	0	6.55546	153.623	0.00357992	1.4
77	10.534	1.99852	3.5	0	6.55546	153.623	0.00357992	1.4
78	10.6211	2.02447	3.5	0	6.55546	153.623	0.00357992	1.4
79	10.7081	2.05043	3.5	0	6.55546	153.623	0.00357992	1.4
80	10.7952	2.07638	3.5	0	6.55546	153.623	0.00357992	1.4
81	10.8823	2.10234	3.5	0	6.55546	153.623	0.00357992	1.4
82	10.9693	2.12829	3.5	0	6.55546	153.623	0.00357992	1.4
83	11.0564	2.15425	3.5	0	6.55546	153.623	0.00357992	1.4
84	11.1434	2.1802	3.5	0	6.55546	153.623	0.00357992	1.4
85	11.2305	2.20616	3.5	0	6.55546	153.623	0.00357992	1.4
86	11.3175	2.23211	3.5	0	6.55546	153.623	0.00357992	1.4
87	11.4046	2.25807	3.5	0	6.55546	153.623	0.00357992	1.4
88	11.4916	2.28402	3.5	0	6.55546	153.623	0.00357992	1.4
89	11.5787	2.30998	3.5	0	6.55546	153.623	0.00357992	1.4
90	11.6657	2.33593	3.5	0	6.55546	153.623	0.00357992	1.4
91	11.7528	2.36189	3.5	0	6.55546	153.623	0.00357992	1.4
92	11.8399	2.38784	3.5	0	6.55546	153.623	0.00357992	1.4
93	11.9269	2.41379	3.5	0	6.55546	153.623	0.00357992	1.4
94	12.014	2.43975	3.5	0	6.55546	153.623	0.00357992	1.4
95	12.101	2.4657	3.5	0	6.55546	153.623	0.00357992	1.4
96	12.1881	2.49166	3.5	0	6.55546	153.623	0.00357992	1.4
97	12.2751	2.51761	3.5	0	6.55546	153.623	0.00357992	1.4
98	12.3622	2.54357	3.5	0	6.55546	153.623	0.00357992	1.4
99	12.4492	2.56952	3.5	0	6.55546	153.623	0.00357992	1.4
100	12.5363	2.59548	3.5	0	6.55546	153.623	0.00357992	1.4


Calculated wall contour
J	X/R*	R/R*	Mach	Theta(deg)	P(psia)	T(R)	Density(slug/ft3)	Gamma	Mass Flow (lbm)	%Dif in Mdot
0	0	1	1.17779	0	212.216	414.892	0.0429112	1.4	35.7288	0
1	0.000230286	1	1.17789	0.0131944	212.191	414.878	0.0429076	1.4	36.0004	0.76026
2	0.000920735	1	1.17816	0.0527543	212.115	414.836	0.0428965	1.4	36.0074	0.77988
3	0.00207073	1	1.17865	0.118644	211.981	414.761	0.0428772	1.4	36.0124	0.793707
4	0.00367965	1.00001	1.17938	0.210829	211.782	414.65	0.0428485	1.4	36.0154	0.802265
5	0.00574714	1.00002	1.18039	0.329289	211.506	414.495	0.0428086	1.4	36.0168	0.806067
6	0.00827332	1.00003	1.18174	0.474031	211.138	414.289	0.0427554	1.4	36.0167	0.805712
7	0.0112592	1.00006	1.18349	0.645118	210.659	414.021	0.0426861	1.4	36.0153	0.801988
8	0.0147071	1.00011	1.18573	0.842684	210.049	413.678	0.0425978	1.4	36.0131	0.795695
9	0.0186211	1.00017	1.18855	1.06697	209.284	413.246	0.0424868	1.4	36.0101	0.787458
10	0.0230076	1.00026	1.19204	1.31835	208.336	412.711	0.0423493	1.4	36.0068	0.778113
11	0.027876	1.00039	1.19633	1.59738	207.178	412.054	0.0421811	1.4	36.0034	0.768629
12	0.0332391	1.00055	1.20152	1.90481	205.78	411.258	0.0419775	1.4	36.0004	0.760342
13	0.0391138	1.00077	1.20775	2.24162	204.11	410.301	0.0417339	1.4	35.9987	0.755441
14	0.0455216	1.00104	1.21516	2.6091	202.136	409.164	0.0414453	1.4	35.9981	0.753784
15	0.0524892	1.00138	1.22389	3.00879	199.828	407.823	0.0411066	1.4	35.9981	0.753725
16	0.0600488	1.0018	1.23409	3.44261	197.154	406.257	0.040713	1.4	35.998	0.753362
17	0.0682387	1.00233	1.2459	3.91283	194.086	404.44	0.0402594	1.4	35.9979	0.753192
18	0.0725912	1.00264	1.25257	4.16283	192.367	403.414	0.0400044	1.4	35.9979	0.753113
19	0.0771036	1.00298	1.2595	4.4221	190.596	402.349	0.0397409	1.4	35.9979	0.753104
20	0.0814532	1.00332	1.26654	4.6721	188.804	401.264	0.0394737	1.4	35.9978	0.753033
21	0.0866942	1.00377	1.27503	4.97346	186.66	399.957	0.0391531	1.4	35.9978	0.752973
22	0.0910403	1.00415	1.28243	5.22346	184.807	398.818	0.038875	1.4	35.9978	0.752912
23	0.097068	1.00472	1.29269	5.57036	182.258	397.239	0.0384913	1.4	35.9978	0.752816
24	0.10141	1.00516	1.30041	5.82036	180.356	396.05	0.0382039	1.4	35.9977	0.752766
25	0.108289	1.00588	1.31265	6.2167	177.372	394.167	0.0377514	1.4	35.9977	0.752627
26	0.112626	1.00636	1.32067	6.4667	175.435	392.932	0.0374564	1.4	35.9977	0.752586
27	0.120429	1.00728	1.3351	6.91684	171.99	390.712	0.0369295	1.4	35.9976	0.752394
28	0.124759	1.00781	1.3434	7.16684	170.032	389.436	0.0366287	1.4	35.9976	0.752364
29	0.129087	1.00837	1.35169	7.41684	168.092	388.161	0.0363297	1.4	35.9976	0.752342
30	0.133564	1.00896	1.36027	7.67561	166.103	386.843	0.0360221	1.4	35.9976	0.752317
31	0.137887	1.00955	1.36881	7.92561	164.138	385.53	0.0357173	1.4	35.9976	0.752302
32	0.142208	1.01016	1.37736	8.17561	162.192	384.219	0.0354143	1.4	35.9976	0.752287
33	0.14778	1.01098	1.38838	8.49832	159.708	382.528	0.035026	1.4	35.9976	0.75225
34	0.152094	1.01163	1.39715	8.74832	157.751	381.183	0.0347189	1.4	35.9976	0.752246
35	0.156406	1.01231	1.40593	8.99832	155.813	379.839	0.0344138	1.4	35.9976	0.752247
36	0.163168	1.0134	1.4197	9.39083	152.81	377.733	0.0339386	1.4	35.9975	0.752185
37	0.167471	1.01412	1.42868	9.64083	150.874	376.359	0.0336309	1.4	35.9975	0.752198
38	0.171771	1.01486	1.43767	9.89083	148.958	374.988	0.0333253	1.4	35.9975	0.752216
39	0.179825	1.0163	1.45452	10.3596	145.418	372.419	0.0327577	1.4	35.9975	0.752122
40	0.184116	1.0171	1.46371	10.6096	143.517	371.022	0.0324512	1.4	35.9975	0.752156
41	0.188403	1.01791	1.47289	10.8596	141.636	369.626	0.0321469	1.4	35.9975	0.752199
42	0.192686	1.01874	1.48208	11.1096	139.775	368.232	0.0318445	1.4	35.9976	0.752245
43	0.197856	1.01977	1.49319	11.4116	137.551	366.548	0.0314819	1.4	35.9976	0.752293
44	0.202131	1.02064	1.50256	11.6616	135.698	365.131	0.0311783	1.4	35.9976	0.752352
45	0.206403	1.02153	1.51193	11.9116	133.865	363.714	0.0308769	1.4	35.9976	0.752418
46	0.21067	1.02244	1.52131	12.1616	132.051	362.299	0.0305775	1.4	35.9976	0.752488
47	0.217373	1.02391	1.53608	12.5548	129.237	360.077	0.0301106	1.4	35.9977	0.752546
48	0.221629	1.02487	1.54563	12.8048	127.444	358.642	0.0298117	1.4	35.9977	0.752633
49	0.225882	1.02585	1.55519	13.0548	125.671	357.209	0.0295148	1.4	35.9977	0.752729
50	0.230131	1.02684	1.56476	13.3048	123.917	355.778	0.0292199	1.4	35.9978	0.752829
51	0.238493	1.02886	1.58366	13.7976	120.514	352.958	0.0286445	1.4	35.9978	0.752891
52	0.242728	1.02991	1.59339	14.0476	118.793	351.511	0.0283516	1.4	35.9978	0.753016
53	0.246959	1.03097	1.60313	14.2976	117.091	350.064	0.0280609	1.4	35.9979	0.753152
54	0.251185	1.03206	1.61289	14.5476	115.407	348.619	0.0277722	1.4	35.9979	0.753291
55	0.255406	1.03317	1.62266	14.7976	113.743	347.175	0.0274855	1.4	35.998	0.753439
56	0.261346	1.03475	1.63646	15.1499	111.429	345.142	0.0270849	1.4	35.998	0.753618
57	0.26252	1.03507	1.63922	15.2196	110.97	344.736	0.0270053	1.4	35.9981	0.753673
58	0.283232	1.04079	1.66052	15.6366	107.491	341.612	0.0263977	1.4	35.9981	0.753673
59	0.315344	1.0499	1.68538	16.0174	103.552	337.988	0.0257031	1.4	35.9981	0.753672
60	0.35465	1.06131	1.71222	16.3466	99.445	334.102	0.0249707	1.4	35.9981	0.753671
61	0.399764	1.07466	1.74042	16.6233	95.288	330.051	0.0242206	1.4	35.9981	0.753673
62	0.449866	1.08973	1.76967	16.8468	91.1431	325.884	0.0234633	1.4	35.9981	0.75367
63	0.504308	1.10631	1.79955	17.023	87.0795	321.665	0.0227112	1.4	35.9981	0.75367
64	0.562647	1.12425	1.82986	17.1548	83.1299	317.427	0.0219706	1.4	35.9981	0.753669
65	0.624476	1.1434	1.86033	17.2475	79.3268	313.208	0.0212478	1.4	35.9981	0.753667
66	0.689496	1.16362	1.89083	17.3044	75.684	309.029	0.0205462	1.4	35.9981	0.753669
67	0.757425	1.18481	1.92122	17.3292	72.2111	304.91	0.0198683	1.4	35.9981	0.753664
68	0.828043	1.20684	1.95144	17.3245	68.9089	300.859	0.019215	1.4	35.9981	0.753668
69	0.901144	1.22962	1.98142	17.2928	65.7755	296.885	0.0185867	1.4	35.9981	0.753662
70	0.97657	1.25307	2.01114	17.2358	62.8044	292.99	0.0179831	1.4	35.9981	0.753665
71	1.05416	1.27708	2.04057	17.1555	59.9899	289.177	0.0174037	1.4	35.9981	0.753667
72	1.13381	1.30159	2.06975	17.0526	57.3207	285.441	0.016847	1.4	35.9981	0.753658
73	1.21538	1.32652	2.09865	16.9293	54.7918	281.785	0.0163127	1.4	35.9981	0.75367
74	1.2988	1.35181	2.12702	16.7938	52.4159	278.238	0.0158042	1.4	35.9981	0.753657
75	1.38397	1.37739	2.15506	16.6419	50.1672	274.774	0.0153169	1.4	35.9981	0.753667
76	1.4708	1.40322	2.18158	16.5063	48.1282	271.536	0.0148696	1.4	35.9981	0.75367
77	1.55912	1.42929	2.20675	16.3836	46.2694	268.497	0.0144571	1.4	35.9981	0.75367
78	1.64885	1.45555	2.23193	16.2393	44.481	265.49	0.0140557	1.4	35.9981	0.753671
79	1.73998	1.48196	2.25706	16.0767	42.7658	262.524	0.0136664	1.4	35.9981	0.753672
80	1.83248	1.50846	2.28209	15.8979	41.1228	259.602	0.0132893	1.4	35.9981	0.753673
81	1.92633	1.535	2.30734	15.6964	39.5296	256.688	0.0129195	1.4	35.9981	0.75367
82	2.02152	1.56156	2.33259	15.4789	37.9988	253.807	0.0125601	1.4	35.9981	0.753672
83	2.11804	1.58809	2.3576	15.2528	36.5419	250.988	0.0122142	1.4	35.9981	0.75367
84	2.21589	1.61455	2.38225	15.0215	35.1609	248.241	0.0118827	1.4	35.9981	0.753671
85	2.31504	1.64093	2.40712	14.7721	33.8215	245.501	0.0115576	1.4	35.9981	0.753671
86	2.41548	1.66718	2.43156	14.5213	32.556	242.841	0.011247	1.4	35.9981	0.753673
87	2.51723	1.69329	2.4558	14.2643	31.3489	240.234	0.0109475	1.4	35.9981	0.753673
88	2.62026	1.71923	2.48013	13.9947	30.1828	237.646	0.0106551	1.4	35.9981	0.753673
89	2.72457	1.74496	2.50395	13.7278	29.0846	235.142	0.0103767	1.4	35.9981	0.753672
90	2.83021	1.77048	2.52886	13.4269	27.9801	232.556	0.0100937	1.4	35.9981	0.753673
91	2.93713	1.79575	2.5514	13.1725	27.0178	230.242	0.00984447	1.4	35.9981	0.753673
92	3.04524	1.8208	2.57338	12.9229	26.1122	228.01	0.00960764	1.4	35.9981	0.753672
93	3.15451	1.84562	2.59525	12.6685	25.2424	225.814	0.00937795	1.4	35.9981	0.753653
94	3.26497	1.87018	2.61728	12.4037	24.3968	223.626	0.00915246	1.4	35.9981	0.753647
95	3.37664	1.89445	2.63972	12.1234	23.5655	221.422	0.00892859	1.4	35.998	0.753613
96	3.48955	1.91841	2.6627	11.8253	22.7446	219.19	0.00870532	1.4	35.998	0.753394
97	3.60386	1.94202	2.68604	11.5143	21.9412	216.95	0.00848456	1.4	35.998	0.753625
98	3.71944	1.96524	2.70889	11.2092	21.1836	214.782	0.00827424	1.4	35.9979	0.753288
99	3.83648	1.98812	2.73143	10.9066	20.4628	212.668	0.00807216	1.4	35.998	0.75363
100	3.95472	2.01059	2.7532	10.6161	19.7912	210.65	0.00788201	1.4	35.998	0.75339
101	4.07438	2.03271	2.77458	10.3301	19.1538	208.689	0.00769984	1.4	35.9981	0.753664
102	4.19506	2.0544	2.79572	10.0447	18.5448	206.772	0.00752418	1.4	35.9979	0.753268
103	4.31728	2.07574	2.81672	9.75968	17.9602	204.888	0.00735399	1.4	35.9981	0.753637
104	4.44071	2.09666	2.83719	9.4819	17.4088	203.07	0.00719199	1.4	35.9981	0.753652
105	4.56533	2.11716	2.85743	9.20562	16.8811	201.293	0.0070356	1.4	35.998	0.753628
106	4.69124	2.13726	2.87735	8.93307	16.3784	199.561	0.00688531	1.4	35.998	0.753631
107	4.81835	2.15693	2.89691	8.6647	15.8999	197.878	0.00674102	1.4	35.998	0.753582
108	4.94678	2.17619	2.91631	8.39711	15.44	196.225	0.00660116	1.4	35.9981	0.753652
109	5.07638	2.19502	2.93528	8.13552	15.004	194.626	0.00646745	1.4	35.9981	0.753673
110	5.20708	2.21341	2.95399	7.8763	14.5866	193.063	0.00633843	1.4	35.998	0.753599
111	5.33916	2.23137	2.97247	7.61974	14.1865	191.535	0.00621376	1.4	35.998	0.753628
112	5.47235	2.24889	2.99059	7.36771	13.8054	190.051	0.00609407	1.4	35.998	0.75353
113	5.60673	2.26597	3.00846	7.11848	13.4403	188.601	0.00597851	1.4	35.998	0.753607
114	5.74242	2.28262	3.02608	6.87225	13.0904	187.185	0.0058669	1.4	35.998	0.753633
115	5.87916	2.29881	3.04333	6.63066	12.7569	185.81	0.00575976	1.4	35.998	0.753472
116	6.01704	2.31455	3.06032	6.39237	12.4376	184.469	0.0056564	1.4	35.998	0.753545
117	6.15634	2.32986	3.07713	6.15598	12.1299	183.153	0.00555608	1.4	35.998	0.753633
118	6.29667	2.34471	3.09359	5.92432	11.8365	181.877	0.00545978	1.4	35.9981	0.75365
119	6.43814	2.3591	3.10977	5.69608	11.5555	180.632	0.00536686	1.4	35.9981	0.753672
120	6.58068	2.37304	3.12563	5.47216	11.287	179.423	0.0052775	1.4	35.9981	0.753662
121	6.72438	2.38653	3.14122	5.25147	11.0294	178.244	0.00519119	1.4	35.9981	0.753649
122	6.86922	2.39956	3.15654	5.03443	10.7826	177.095	0.00510795	1.4	35.9981	0.753639
123	7.01515	2.41214	3.17156	4.82121	10.5463	175.977	0.00502772	1.4	35.998	0.753603
124	7.16222	2.42428	3.18633	4.61114	10.3193	174.886	0.00495017	1.4	35.9981	0.753665
125	7.31035	2.43595	3.20079	4.4052	10.1021	173.827	0.00487554	1.4	35.9981	0.753654
126	7.45955	2.44718	3.21497	4.20291	9.89392	172.796	0.00480356	1.4	35.9981	0.753642
127	7.60979	2.45796	3.22885	4.00457	9.69462	171.794	0.00473424	1.4	35.998	0.753572
128	7.76106	2.46829	3.24243	3.81014	9.50375	170.821	0.00466748	1.4	35.998	0.75362
129	7.91354	2.47819	3.25581	3.61827	9.31967	169.869	0.00460272	1.4	35.9981	0.753641
130	8.06698	2.48764	3.26887	3.43058	9.14365	168.946	0.00454046	1.4	35.9981	0.753653
131	8.22142	2.49665	3.28163	3.2469	8.97515	168.05	0.00448054	1.4	35.9981	0.753672
132	8.37655	2.50521	3.29394	3.06915	8.81568	167.192	0.00442353	1.4	35.998	0.753494
133	8.53305	2.51336	3.30617	2.89241	8.66038	166.345	0.00436772	1.4	35.9981	0.753637
134	8.69055	2.52107	3.31811	2.71951	8.5116	165.523	0.004314	1.4	35.9981	0.753648
135	8.84892	2.52836	3.32971	2.55102	8.36962	164.73	0.00426247	1.4	35.9981	0.753651
136	9.00827	2.53523	3.34104	2.38611	8.23343	163.959	0.00421281	1.4	35.9981	0.753673
137	9.16842	2.54168	3.352	2.22617	8.10399	163.219	0.0041654	1.4	35.9981	0.753667
138	9.32948	2.54772	3.36266	2.07017	7.98019	162.502	0.00411985	1.4	35.9981	0.753639
139	9.4916	2.55336	3.37311	1.91688	7.86077	161.804	0.00407572	1.4	35.9981	0.75366
140	9.6545	2.5586	3.38321	1.7683	7.74723	161.133	0.00403358	1.4	35.9981	0.753672
141	9.81821	2.56345	3.39296	1.62427	7.63919	160.487	0.00399332	1.4	35.9981	0.753664
142	9.9828	2.56791	3.40243	1.48406	7.5359	159.864	0.00395468	1.4	35.9981	0.753657
143	10.1482	2.572	3.41158	1.34814	7.43753	159.265	0.00391774	1.4	35.998	0.753632
144	10.3143	2.57572	3.42036	1.21719	7.34443	158.693	0.00388264	1.4	35.9981	0.75364
145	10.4815	2.57908	3.42898	1.08849	7.25434	158.135	0.00384856	1.4	35.9981	0.753661
146	10.6493	2.58209	3.4372	0.965043	7.16942	157.603	0.00381633	1.4	35.9981	0.753673
147	10.8177	2.58475	3.44502	0.847179	7.08972	157.101	0.00378598	1.4	35.9981	0.75367
148	10.9869	2.58708	3.45251	0.733784	7.01424	156.621	0.00375714	1.4	35.9981	0.753666
149	11.1566	2.5891	3.45957	0.626284	6.94383	156.17	0.00373017	1.4	35.998	0.753625
150	11.3271	2.59081	3.46626	0.524106	6.87793	155.745	0.00370485	1.4	35.998	0.753634
151	11.4985	2.59222	3.4729	0.422554	6.81314	155.325	0.00367988	1.4	35.9981	0.753673
152	11.6702	2.59335	3.47884	0.330919	6.75573	154.95	0.00365771	1.4	35.9981	0.753672
153	11.8424	2.59422	3.48437	0.245216	6.70277	154.602	0.0036372	1.4	35.9981	0.753671
154	12.0153	2.59484	3.48941	0.16669	6.65489	154.285	0.00361863	1.4	35.9981	0.753671
155	12.1886	2.59523	3.49389	0.0965099	6.61265	154.005	0.0036022	1.4	35.9981	0.753671
156	12.3623	2.59543	3.49751	0.0393517	6.57866	153.778	0.00358897	1.4	35.9981	0.753671
157	12.5363	2.59548	3.5	0	6.55546	153.623	0.00357992	1.4	35.9981	0.753673


Nozzle Summary
Throat Radius R* (in):	1.000
Nozzle Length/R*:	12.5363
Expansion Ratio:	6.73651
Exit Area (in2):	21.1634
Surface Area (in2):	170.836

Nozzle Exit Plane Data
J	X/R*	R/R*	Mach	Theta(deg)	P(psia)	T(R)	Velocity(ft/s)	Density(slug/ft3)	Gamma	Mass Flow (lbm/s)	Stream Thrust(lbf)
106	12.5363	0	3.5	0	6.55546	153.623	2126.56	0.00357992	1.4	0	0
107	12.5363	0	3.5	0	6.55546	153.623	2126.56	0.00357992	1.4	0	0
108	12.5363	0.0519096	3.5	0	6.55546	153.623	2126.56	0.00357992	1.4	0.0143992	1.00722
109	12.5363	0.103819	3.5	0	6.55546	153.623	2126.56	0.00357992	1.4	0.0575969	4.02888
110	12.5363	0.155729	3.5	0	6.55546	153.623	2126.56	0.00357992	1.4	0.129593	9.06498
111	12.5363	0.207638	3.5	0	6.55546	153.623	2126.56	0.00357992	1.4	0.230388	16.1155
112	12.5363	0.259548	3.5	0	6.55546	153.623	2126.56	0.00357992	1.4	0.359981	25.1805
113	12.5363	0.311457	3.5	0	6.55546	153.623	2126.56	0.00357992	1.4	0.518372	36.2599
114	12.5363	0.363367	3.5	0	6.55546	153.623	2126.56	0.00357992	1.4	0.705562	49.3538
115	12.5363	0.415277	3.5	0	6.55546	153.623	2126.56	0.00357992	1.4	0.92155	64.4621
116	12.5363	0.467186	3.5	0	6.55546	153.623	2126.56	0.00357992	1.4	1.16634	81.5849
117	12.5363	0.519096	3.5	0	6.55546	153.623	2126.56	0.00357992	1.4	1.43992	100.722
118	12.5363	0.571005	3.5	0	6.55546	153.623	2126.56	0.00357992	1.4	1.74231	121.874
119	12.5363	0.622915	3.5	0	6.55546	153.623	2126.56	0.00357992	1.4	2.07349	145.04
120	12.5363	0.674824	3.5	0	6.55546	153.623	2126.56	0.00357992	1.4	2.43347	170.22
121	12.5363	0.726734	3.5	0	6.55546	153.623	2126.56	0.00357992	1.4	2.82225	197.415
122	12.5363	0.778644	3.5	0	6.55546	153.623	2126.56	0.00357992	1.4	3.23983	226.625
123	12.5363	0.830553	3.5	0	6.55546	153.623	2126.56	0.00357992	1.4	3.6862	257.848
124	12.5363	0.882463	3.5	0	6.55546	153.623	2126.56	0.00357992	1.4	4.16138	291.087
125	12.5363	0.934372	3.5	0	6.55546	153.623	2126.56	0.00357992	1.4	4.66535	326.339
126	12.5363	0.986282	3.5	0	6.55546	153.623	2126.56	0.00357992	1.4	5.19812	363.607
127	12.5363	1.03819	3.5	0	6.55546	153.623	2126.56	0.00357992	1.4	5.75969	402.888
128	12.5363	1.0901	3.5	0	6.55546	153.623	2126.56	0.00357992	1.4	6.35006	444.184
129	12.5363	1.14201	3.5	0	6.55546	153.623	2126.56	0.00357992	1.4	6.96923	487.495
130	12.5363	1.19392	3.5	0	6.55546	153.623	2126.56	0.00357992	1.4	7.61719	532.82
131	12.5363	1.24583	3.5	0	6.55546	153.623	2126.56	0.00357992	1.4	8.29395	580.159
132	12.5363	1.29774	3.5	0	6.55546	153.623	2126.56	0.00357992	1.4	8.99952	629.513
133	12.5363	1.34965	3.5	0	6.55546	153.623	2126.56	0.00357992	1.4	9.73388	680.881
134	12.5363	1.40156	3.5	0	6.55546	153.623	2126.56	0.00357992	1.4	10.497	734.264
135	12.5363	1.45347	3.5	0	6.55546	153.623	2126.56	0.00357992	1.4	11.289	789.661
136	12.5363	1.50538	3.5	0	6.55546	153.623	2126.56	0.00357992	1.4	12.1097	847.072
137	12.5363	1.55729	3.5	0	6.55546	153.623	2126.56	0.00357992	1.4	12.9593	906.498
138	12.5363	1.6092	3.5	0	6.55546	153.623	2126.56	0.00357992	1.4	13.8377	967.939
139	12.5363	1.66111	3.5	0	6.55546	153.623	2126.56	0.00357992	1.4	14.7448	1031.39
140	12.5363	1.71302	3.5	0	6.55546	153.623	2126.56	0.00357992	1.4	15.6808	1096.86
141	12.5363	1.76493	3.5	0	6.55546	153.623	2126.56	0.00357992	1.4	16.6455	1164.35
142	12.5363	1.81683	3.5	0	6.55546	153.623	2126.56	0.00357992	1.4	17.6391	1233.85
143	12.5363	1.86874	3.5	0	6.55546	153.623	2126.56	0.00357992	1.4	18.6614	1305.36
144	12.5363	1.92065	3.5	0	6.55546	153.623	2126.56	0.00357992	1.4	19.7125	1378.88
145	12.5363	1.97256	3.5	0	6.55546	153.623	2126.56	0.00357992	1.4	20.7925	1454.43
146	12.5363	2.02447	3.5	0	6.55546	153.623	2126.56	0.00357992	1.4	21.9012	1531.98
147	12.5363	2.07638	3.5	0	6.55546	153.623	2126.56	0.00357992	1.4	23.0388	1611.55
148	12.5363	2.12829	3.5	0	6.55546	153.623	2126.56	0.00357992	1.4	24.2051	1693.14
149	12.5363	2.1802	3.5	0	6.55546	153.623	2126.56	0.00357992	1.4	25.4002	1776.74
150	12.5363	2.23211	3.5	0	6.55546	153.623	2126.56	0.00357992	1.4	26.6242	1862.35
151	12.5363	2.28402	3.5	0	6.55546	153.623	2126.56	0.00357992	1.4	27.8769	1949.98
152	12.5363	2.33593	3.5	0	6.55546	153.623	2126.56	0.00357992	1.4	29.1584	2039.62
153	12.5363	2.38784	3.5	0	6.55546	153.623	2126.56	0.00357992	1.4	30.4688	2131.28
154	12.5363	2.43975	3.5	0	6.55546	153.623	2126.56	0.00357992	1.4	31.8079	2224.95
155	12.5363	2.49166	3.5	0	6.55546	153.623	2126.56	0.00357992	1.4	33.1758	2320.64
156	12.5363	2.54357	3.5	0	6.55546	153.623	2126.56	0.00357992	1.4	34.5725	2418.34
157	12.5363	2.59548	3.5	0	6.55546	153.623	2126.56	0.00357992	1.4	35.9981	2518.05

Exit Mach at wall:	3.5
Exit Mach at centerline:	3.5
Massflow (lbm/s):	35.9981
Stream Thrust (lbf):	2518.05
Isp (lbf-s/lbm):	69.9496
Ideal Isp (lbf-s/lbm:	100
Cfg:	0.699496
% diffence in initial and exit mass flow:	0.753673

All of the MOC data can be found in the file MOC_Grid.out
The Streamlines can be found in SL.out
The centerline data can be found in center.out